<?xml version="1.0" encoding="UTF-8"?>
<!-- Generated by org.testng.reporters.JUnitReportReporter -->
<testsuite skipped="0" hostname="DESKTOP-J80N20O" name="APITests" tests="1" failures="0" timestamp="2022-04-09T13:48:46 EET" time="5.956" errors="0">
  <testcase name="test1" time="5.956" classname="APITests"/>
  <system-out/>
</testsuite> <!-- APITests -->
